<component name="libraryTable">
  <library name="junit-xml-plugin-2.16.1">
    <CLASSES>
      <root url="jar://$PROJECT_DIR$/allure/plugins/junit-xml-plugin/junit-xml-plugin-2.16.1.jar!/" />
    </CLASSES>
    <JAVADOC />
    <SOURCES />
  </library>
</component>